make.exe all --print-data-base --no-builtin-variables --no-builtin-rules --question
# GNU Make 3.82.90
# Built for i686-pc-mingw32
# Copyright (C) 1988-2012 Free Software Foundation, Inc.
# License GPLv3+: GNU GPL version 3 or later <http://gnu.org/licenses/gpl.html>
# This is free software: you are free to change and redistribute it.
# There is NO WARRANTY, to the extent permitted by law.
 

# Make data base, printed on Wed Jul 20 00:33:06 2022

# Variables

# automatic
<D = $(patsubst %/,%,$(patsubst %\,%,$(dir $<)))
# automatic
?F = $(notdir $?)
# default
.SHELLFLAGS := -c
# makefile
MAKEFLAGS = Rrqp
# automatic
?D = $(patsubst %/,%,$(patsubst %\,%,$(dir $?)))
# automatic
@D = $(patsubst %/,%,$(patsubst %\,%,$(dir $@)))
# environment
HOMEDRIVE = C:
# automatic
@F = $(notdir $@)
# automatic
^D = $(patsubst %/,%,$(patsubst %\,%,$(dir $^)))
# makefile
CURDIR := c:/Users/rafae/Desktop/Programaca 
o/C_Code/Projects/MECSOL
# default
SHELL := sh.exe
# environment
WINDIR = C:\WINDOWS
# environment
VSCODE_NLS_CONFIG = {"locale":"en-us","availableLanguages":{},"_languagePackSupport":true}
# environment
VBOX_MSI_INSTALL_PATH = C:\Program Files\Oracle\VirtualBox\
# makefile (from 'Makefile', line 2)
CFLAGS = -Wall
# environment
ONEDRIVE = C:\Users\rafae\OneDrive
# environment
PATHEXT = .COM;.EXE;.BAT;.CMD;.VBS;.VBE;.JS;.JSE;.WSF;.WSH;.MSC
# makefile (from 'Makefile', line 1)
MAKEFILE_LIST :=  Makefile
# environment
TMP = C:\Users\rafae\AppData\Local\Temp
# environment
PROGRAMW6432 = C:\Program Files
# environment
PROGRAMDATA = C:\ProgramData
# environment
VSCODE_CWD = C:\Users\rafae\AppData\Local\Programs\Microsoft VS Code
# environment
PATH = C:\Program Files (x86)\Intel\iCLS Client\;C:\Program Files\Intel\iCLS Client\;C:\windows\system32;C:\windows;C:\windows\System32\Wbem;C:\windows\System32\WindowsPowerShell\v1.0\;C:\Program Files (x86)\NVIDIA Corporation\PhysX\Common;C:\WINDOWS\system32;C:\WINDOWS;C:\WINDOWS\System32\Wbem;C:\WINDOWS\System32\WindowsPowerShell\v1.0\;C:\WINDOWS\System32\OpenSSH\;C:\MinGW\bin;C:\Program Files\NVIDIA Corporation\NVIDIA NvDLISR;C:\Program Files (x86)\Intel\Intel(R) Management Engine Components\DAL;C:\Program Files\Intel\Intel(R) Management Engine Components\DAL;C:\Program Files (x86)\Intel\Intel(R) Management Engine Components\IPT;C:\Program Files\Intel\Intel(R) Management Engine Components\IPT;C:\Program Files\Git\cmd;C:\Users\rafae\AppData\Local\Programs\Python\Python310\Scripts\;C:\Users\rafae\AppData\Local\Programs\Python\Python310\;C:\Users\rafae\AppData\Local\Microsoft\WindowsApps;C:\Users\rafae\AppData\Local\Programs\Microsoft VS Code\bin;C:\Users\rafae\AppData\Local\Programs\MiKTeX\miktex\bin\x64\;C:\Users\rafae\anaconda3\Scripts;
# environment
COMMONPROGRAMW6432 = C:\Program Files\Common Files
# environment
PROCESSOR_ARCHITECTURE = x86
# environment
USERPROFILE = C:\Users\rafae
# environment
ALLUSERSPROFILE = C:\ProgramData
# environment
NUMBER_OF_PROCESSORS = 4
# environment
ELECTRON_RUN_AS_NODE = 1
# default
.FEATURES := target-specific order-only second-expansion else-if shortest-stem undefine oneshell archives jobserver
# automatic
%F = $(notdir $%)
# environment
CHROME_CRASHPAD_PIPE_NAME = \\.\pipe\crashpad_6324_JDHGBVXNPIUEXKBR
# environment
COMPUTERNAME = LAPTOP-O8B604RA
# environment
PROGRAMFILES = C:\Program Files (x86)
# environment
DRIVERDATA = C:\Windows\System32\Drivers\DriverData
# environment
ORIGINAL_XDG_CURRENT_DESKTOP = undefined
# environment
USERNAME = rafae
# environment
PUBLIC = C:\Users\Public
# environment
VSCODE_AMD_ENTRYPOINT = vs/workbench/api/node/extensionHostProcess
# makefile (from 'Makefile', line 4)
BINARY = trab.exe
# environment
VSCODE_CODE_CACHE_PATH = C:\Users\rafae\AppData\Roaming\Code\CachedData\3b889b090b5ad5793f524b5d1d39fda662b96a2a
# environment
APPLICATION_INSIGHTS_NO_DIAGNOSTIC_CHANNEL = true
# environment
COMMONPROGRAMFILES = C:\Program Files (x86)\Common Files
# environment
LOGONSERVER = \\LAPTOP-O8B604RA
# environment
ONEDRIVECONSUMER = C:\Users\rafae\OneDrive
# environment
VSCODE_HANDLES_UNCAUGHT_ERRORS = true
# environment
USERDOMAIN = LAPTOP-O8B604RA
# environment
MAKELEVEL := 0
# default
MAKE = $(MAKE_COMMAND)
# default
MAKECMDGOALS := all
# makefile (from 'Makefile', line 1)
CC = gcc
# default
MAKE_VERSION := 3.82.90
# makefile
.DEFAULT_GOAL := trab.exe
# environment
PROGRAMFILES(X86) = C:\Program Files (x86)
# automatic
%D = $(patsubst %/,%,$(patsubst %\,%,$(dir $%)))
# environment
LOCALAPPDATA = C:\Users\rafae\AppData\Local
# environment
PSMODULEPATH = C:\Program Files\WindowsPowerShell\Modules;C:\WINDOWS\system32\WindowsPowerShell\v1.0\Modules
# default
MAKE_COMMAND := make.exe
# environment
PROCESSOR_ARCHITEW6432 = AMD64
# default
.VARIABLES := 
# automatic
*F = $(notdir $*)
# environment
PROCESSOR_IDENTIFIER = Intel64 Family 6 Model 158 Stepping 9, GenuineIntel
# environment
OS = Windows_NT
# environment
VSCODE_IPC_HOOK = \\.\pipe\00f77f8c5f881e0ccff51ad086b3e679-1.69.2-main-sock
# environment
HOMEPATH = \Users\rafae
# environment
COMMONPROGRAMFILES(X86) = C:\Program Files (x86)\Common Files
# environment
PROMPT = $P$G
# environment
MFLAGS = -Rrqp
# automatic
*D = $(patsubst %/,%,$(patsubst %\,%,$(dir $*)))
# environment
SYSTEMROOT = C:\WINDOWS
# automatic
+D = $(patsubst %/,%,$(patsubst %\,%,$(dir $+)))
# automatic
+F = $(notdir $+)
# environment
APPDATA = C:\Users\rafae\AppData\Roaming
# environment
TEMP = C:\Users\rafae\AppData\Local\Temp
# environment
COMSPEC = C:\WINDOWS\system32\cmd.exe
# default
MAKEFILES := 
# automatic
<F = $(notdir $<)
# environment
LC_ALL = C
# automatic
^F = $(notdir $^)
# default
SUFFIXES := 
# environment
SYSTEMDRIVE = C:
# environment
SESSIONNAME = Console
# environment
PROCESSOR_REVISION = 9e09
# default
.INCLUDE_DIRS = C:/MinGW/include
# default
.RECIPEPREFIX := 
# makefile (from 'Makefile', line 3)
OBJECTS = my_math.o my_strings.o trabmecsol.o
# environment
LANG = C
# environment
PROCESSOR_LEVEL = 6
# environment
VSCODE_PID = 6324
# environment
USERDOMAIN_ROAMINGPROFILE = LAPTOP-O8B604RA
# variable set hash-table stats:
# Load=90/1024=9%, Rehash=0, Collisions=11/111=10%

# Pattern-specific Variable Values

# No pattern-specific variable values.

# Directories

# C:\Program Files\NVIDIA Corporation\NVIDIA NvDLISR (key C:/Program Files/NVIDIA Corporation/NVIDIA NvDLISR, mtime 1635821599): 5 files, no impossibilities.
# C:\windows\System32\WindowsPowerShell\v1.0\ (key C:/windows/System32/WindowsPowerShell/v1.0/, mtime 1635762149): 33 files, no impossibilities.
# C:\WINDOWS\System32\Wbem (key C:/WINDOWS/System32/Wbem, mtime 1658123224): 154 files, no impossibilities.
# . (key c:/Users/rafae/Desktop/Programacao/C_Code/Projects/MECSOL, mtime 1658287982): 20 files, no impossibilities.
# C:\Program Files\Git\cmd (key C:/Program Files/Git/cmd, mtime 1655948541): 8 files, no impossibilities.
# C:\Program Files (x86)\NVIDIA Corporation\PhysX\Common (key C:/Program Files (x86)/NVIDIA Corporation/PhysX/Common, mtime 1648668435): 12 files, no impossibilities.
# C:\MinGW\bin (key C:/MinGW/bin, mtime 1655950919 
): 144 files, no impossibilities.
# C:\Users\rafae\AppData\Local\Microsoft\WindowsApps (key C:/Users/rafae/AppData/Local/Microsoft/WindowsApps, mtime 1658281698): 19 files, no impossibilities.
# C:\Program Files\Intel\iCLS Client\ (key C:/Program Files/Intel/iCLS Client/, mtime 1649973694): 13 files, no impossibilities.
# C:\Program Files\Intel\Intel(R) Management Engine Components\DAL (key C:/Program Files/Intel/Intel(R) Management Engine Components/DAL, mtime 1649973678): 4 files, no impossibilities.
# C:\WINDOWS (key C:/WINDOWS, mtime 1658123222): 133 files, no impossibilities.
# C:\Program Files\Intel\Intel(R) Management Engine Components\IPT (key C:/Program Files/Intel/Intel(R) Management Engine Components/IPT, mtime 1649973678): 5 files, no impossibilities.
# C:\Users\rafae\AppData\Local\Programs\Microsoft VS Code\bin (key C:/Users/rafae/AppData/Local/Programs/Microsoft VS Code/bin, mtime 1658198893): 4 files, no impossibilities.
# C:\windows (key C:/windows, mtime 1658123222): 133 files, no impossibilities.
# C:\Users\rafae\AppData\Local\Programs\Python\Python310\ (key C:/Users/rafae/AppData/Local/Programs/Python/Python310/, mtime 1641497895): 20 files, no impossibilities.
# C:\Users\rafae\AppData\Local\Programs\Python\Python310\Scripts\ (key C:/Users/rafae/AppData/Local/Programs/Python/Python310/Scripts/, mtime 1641682743): 20 files, no impossibilities.
# C:\windows\System32\Wbem (key C:/windows/System32/Wbem, mtime 1658123224): 154 files, no impossibilities.
# C:\WINDOWS\System32\WindowsPowerShell\v1.0\ (key C:/WINDOWS/System32/WindowsPowerShell/v1.0/, mtime 1635762149): 33 files, no impossibilities.
# C:\windows\system32 (key C:/windows/system32, mtime 1658205409): 2969 files, no impossibilities.
# C:\Program Files (x86)\Intel\iCLS Client\ (key C:/Program Files (x86)/Intel/iCLS Client/, mtime 1649973699): 8 files, no impossibilities.
# C:\Program Files (x86)\Intel\Intel(R) Management Engine Components\DAL (key C:/Program Files (x86)/Intel/Intel(R) Management Engine Components/DAL, mtime 1649973678): 10 files, no impossibilities.
# C:\Users\rafae\AppData\Local\Programs\MiKTeX\miktex\bin\x64\ (key C:/Users/rafae/AppData/Local/Programs/MiKTeX/miktex/bin/x64/, mtime 1639680789): 711 files, no impossibilities.
# C:\Program Files (x86)\Intel\Intel(R) Management Engine Components\IPT (key C:/Program Files (x86)/Intel/Intel(R) Management Engine Components/IPT, mtime 1649973678): 6 files, no impossibilities.
# C:\WINDOWS\System32\OpenSSH\: could not be stat'd.
# C:\Users\rafae\anaconda3\Scripts (key C:/Users/rafae 
/anaconda3/Scripts, mtime 1642107652): 343 files, no impossibilities.
# C:\WINDOWS\system32 (key C:/WINDOWS/system32, mtime 1658205409): 2969 files, no impossibilities.

# 7930 files, no impossibilities in 26 directories.

# Implicit Rules

%.o: %.c %.h
#  recipe to execute (from 'Makefile', line 10):
	$(CC) -c $<

# 1 implicit rules, 0 (0.0%) terminal.

# Files

# Not a target:
all:
#  Command line target.
#  Implicit rule search has been done.
#  File does not exist.
#  File has not been updated.

# Not a target:
trabmecsol.o:
#  Implicit rule search has not been done.
#  Modification time never checked.
#  File has not been updated.

# Not a target:
my_strings.o:
#  Implicit rule search has not been done.
#  Modification time never checked.
#  File has not been updated.

# Not a target:
.SUFFIXES:
#  Implicit rule search has not been done.
#  Modification time never checked.
#  File has not been updated.

# Not a target:
Makefile:
#  Implicit rule search has been done.
#  Last modified 2022-07-20 00:15:12
#  File has been updated.
#  Successfully updated.

# Not a target:
my_math.o:
#  Implicit rule search has not been done.
#  Modification time never checked.
#  File has not been updated.

trab.exe: my_math.o my_strings.o trabmecsol.o
#  Implicit rule search has not been done.
#  Modification time never checked.
#  File has not been updated.
#  recipe to execute (from 'Makefile', line 7):
	$(CC) -o $@ $^ $(CFLAGS)

# Not a target:
.DEFAULT:
#  Implicit rule search has not been done.
#  Modification time never checked.
#  File has not been updated.

clean:
#  Implicit rule search has not been done.
#  Modification time never checked.
#  File has not been updated.
#  recipe to execute (from 'Makefile', line 13):
	del *.o $(BINARY)

# files hash-table stats:
# Load=9/1024=1%, Rehash=0, Collisions=1/22=5%
# VPATH Search Paths

# No 'vpath' search paths.

# No general ('VPATH' variable) search path.

# strcache buffers: 9 (8) / strings = 4566 / storage = 70431 B / avg = 15 B
# current buf: size = 8174 B / used = 5090 B / count = 295 / avg = 17 B
# other used: total = 62257 B / count = 4271 / avg = 14 B
# other free: total = 51 B / max = 15 B / min = 2 B / avg = 6 B

# strcache performance: lookups = 7972 / hit rate = 42%
# hash-table stats:
# Load=4566/8192=56%, Rehash=0, Collisions=3264/7972=41%
# Finished Make data base on Wed Jul 20 00:33:06 2022

 
make.exe: *** No rule to make target 'all'.  Stop.

